[17:26:22] [main/INFO]: Environment: authHost='https://authserver.mojang.com', accountsHost='https://api.mojang.com', sessionHost='https://sessionserver.mojang.com', servicesHost='https://api.minecraftservices.com', name='PROD'
[17:26:22] [main/INFO]: Found new data pack file/bukkit, loading it automatically
[17:26:22] [main/INFO]: Reloading ResourceManager: Default, bukkit
[17:26:23] [Worker-Main-1/INFO]: Loaded 7 recipes
[17:26:24] [Server thread/INFO]: Starting minecraft server version 1.17.1
[17:26:24] [Server thread/WARN]: ****************************
[17:26:24] [Server thread/WARN]: YOU ARE RUNNING THIS SERVER AS AN ADMINISTRATIVE OR ROOT USER. THIS IS NOT ADVISED.
[17:26:24] [Server thread/WARN]: YOU ARE OPENING YOURSELF UP TO POTENTIAL RISKS WHEN DOING THIS.
[17:26:24] [Server thread/WARN]: FOR MORE INFORMATION, SEE https://madelinemiller.dev/blog/root-minecraft-server/
[17:26:24] [Server thread/WARN]: ****************************
[17:26:24] [Server thread/INFO]: Loading properties
[17:26:24] [Server thread/INFO]: This server is running Paper version git-Paper-411 (MC: 1.17.1) (Implementing API version 1.17.1-R0.1-SNAPSHOT) (Git: 6625db3 on ver/1.17.1)
[17:26:24] [Server thread/INFO]: Server Ping Player Sample Count: 12
[17:26:24] [Server thread/INFO]: Using 4 threads for Netty based IO
[17:26:25] [Server thread/INFO]: Default game type: SURVIVAL
[17:26:25] [Server thread/INFO]: Generating keypair
[17:26:25] [Server thread/INFO]: Starting Minecraft server on *:25565
[17:26:25] [Server thread/INFO]: Using epoll channel type
[17:26:25] [Server thread/INFO]: Paper: Using libdeflate (Linux x86_64) compression from Velocity.
[17:26:25] [Server thread/INFO]: Paper: Using OpenSSL 1.1.x (Linux x86_64) cipher from Velocity.
[17:26:25] [Server thread/INFO]: Preparing level "world"
[17:26:29] [Server thread/WARN]: Unable to find spawn biome
[17:26:30] [Server thread/WARN]: Unable to find spawn biome
[17:26:31] [Server thread/INFO]: Preparing start region for dimension minecraft:overworld
[17:26:32] [Worker-Main-1/INFO]: Preparing spawn area: 0%
[17:26:32] [Worker-Main-1/INFO]: Preparing spawn area: 0%
[17:26:32] [Worker-Main-1/INFO]: Preparing spawn area: 0%
[17:26:32] [Worker-Main-1/INFO]: Preparing spawn area: 0%
[17:26:33] [Server thread/INFO]: Time elapsed: 1888 ms
[17:26:33] [Server thread/INFO]: Preparing start region for dimension minecraft:the_nether
[17:26:34] [Server thread/INFO]: Time elapsed: 1082 ms
[17:26:34] [Server thread/INFO]: Preparing start region for dimension minecraft:the_end
[17:26:35] [Server thread/INFO]: Time elapsed: 834 ms
[17:26:35] [Server thread/INFO]: Running delayed init tasks
[17:26:35] [Server thread/INFO]: Done (10.454s)! For help, type "help"
[17:26:35] [Server thread/INFO]: Timings Reset
