[11:41:40] [ServerMain/INFO]: Environment: authHost='https://authserver.mojang.com', accountsHost='https://api.mojang.com', sessionHost='https://sessionserver.mojang.com', servicesHost='https://api.minecraftservices.com', name='PROD'
[11:41:41] [ServerMain/WARN]: Ambiguity between arguments [teleport, location] and [teleport, destination] with inputs: [0.1 -0.5 .9, 0 0 0]
[11:41:41] [ServerMain/WARN]: Ambiguity between arguments [teleport, location] and [teleport, targets] with inputs: [0.1 -0.5 .9, 0 0 0]
[11:41:41] [ServerMain/WARN]: Ambiguity between arguments [teleport, destination] and [teleport, targets] with inputs: [Player, 0123, @e, dd12be42-52a9-4a91-a8a1-11c01849e498]
[11:41:41] [ServerMain/WARN]: Ambiguity between arguments [teleport, targets] and [teleport, destination] with inputs: [Player, 0123, dd12be42-52a9-4a91-a8a1-11c01849e498]
[11:41:41] [ServerMain/WARN]: Ambiguity between arguments [teleport, targets, location] and [teleport, targets, destination] with inputs: [0.1 -0.5 .9, 0 0 0]
[11:41:42] [Worker-Main-14/INFO]: Loaded 7 recipes
[11:41:42] [Worker-Main-14/INFO]: Loaded 1141 advancements
[11:41:48] [Server thread/INFO]: Starting minecraft server version 1.18.2
[11:41:48] [Server thread/INFO]: Loading properties
[11:41:48] [Server thread/INFO]: Default game type: SURVIVAL
[11:41:48] [Server thread/INFO]: Generating keypair
[11:41:48] [Server thread/INFO]: Starting Minecraft server on *:25565
[11:41:48] [Server thread/INFO]: Using default channel type
[11:41:48] [Server thread/INFO]: Preparing level "world"
[11:41:48] [Server thread/INFO]: Preparing start region for dimension minecraft:overworld
[11:41:50] [Worker-Main-11/INFO]: Preparing spawn area: 0%
[11:41:50] [Worker-Main-13/INFO]: Preparing spawn area: 0%
[11:41:50] [Worker-Main-13/INFO]: Preparing spawn area: 0%
[11:41:50] [Worker-Main-13/INFO]: Preparing spawn area: 0%
[11:41:50] [Worker-Main-8/INFO]: Preparing spawn area: 0%
[11:41:51] [Worker-Main-9/INFO]: Preparing spawn area: 0%
[11:41:51] [Worker-Main-8/INFO]: Preparing spawn area: 0%
[11:41:52] [Worker-Main-11/INFO]: Preparing spawn area: 0%
[11:41:52] [Worker-Main-13/INFO]: Preparing spawn area: 0%
[11:41:53] [Worker-Main-11/INFO]: Preparing spawn area: 0%
[11:41:53] [Worker-Main-11/INFO]: Preparing spawn area: 0%
[11:41:54] [Worker-Main-9/INFO]: Preparing spawn area: 0%
[11:41:54] [Worker-Main-13/INFO]: Preparing spawn area: 1%
[11:41:55] [Worker-Main-13/INFO]: Preparing spawn area: 4%
[11:41:55] [Worker-Main-11/INFO]: Preparing spawn area: 15%
[11:41:56] [Worker-Main-8/INFO]: Preparing spawn area: 36%
[11:41:56] [Worker-Main-13/INFO]: Preparing spawn area: 41%
[11:41:57] [Worker-Main-13/INFO]: Preparing spawn area: 49%
[11:41:58] [Worker-Main-13/INFO]: Preparing spawn area: 94%
[11:42:01] [Server thread/INFO]: Time elapsed: 12233 ms
[11:42:01] [Server thread/INFO]: Done (12.423s)! For help, type "help"
[11:42:13] [Server thread/INFO]: Unknown or incomplete command, see below for error
[11:42:13] [Server thread/INFO]: STOP<--[HERE]
[11:42:17] [Server thread/INFO]: Stopping the server
[11:42:17] [Server thread/INFO]: Stopping server
[11:42:17] [Server thread/INFO]: Saving players
[11:42:17] [Server thread/INFO]: Saving worlds
[11:42:19] [Server thread/INFO]: Saving chunks for level 'ServerLevel[world]'/minecraft:overworld
[11:42:19] [Server thread/INFO]: Saving chunks for level 'ServerLevel[world]'/minecraft:the_nether
[11:42:19] [Server thread/INFO]: Saving chunks for level 'ServerLevel[world]'/minecraft:the_end
[11:42:19] [Server thread/INFO]: ThreadedAnvilChunkStorage (world): All chunks are saved
[11:42:19] [Server thread/INFO]: ThreadedAnvilChunkStorage (DIM-1): All chunks are saved
[11:42:19] [Server thread/INFO]: ThreadedAnvilChunkStorage (DIM1): All chunks are saved
[11:42:19] [Server thread/INFO]: ThreadedAnvilChunkStorage: All dimensions are saved
